2017-05-06 01:38:02,271 ERROR [main] - Statistics - Statistics file `/home/julian/.scalaide/statistics` is corrupted. A new one is being created. Corrupted content was:

com.cedarsoftware.util.io.JsonIoException: error parsing JSON value
	at com.cedarsoftware.util.io.JsonReader.readObject(JsonReader.java:529)
	at com.cedarsoftware.util.io.JsonReader.jsonToJava(JsonReader.java:289)
	at com.cedarsoftware.util.io.JsonReader.jsonToJava(JsonReader.java:262)
	at org.scalaide.core.internal.statistics.Statistics.org$scalaide$core$internal$statistics$Statistics$$read(Statistics.scala:74)
	at org.scalaide.core.internal.statistics.Statistics$$anonfun$readStats$1.apply(Statistics.scala:52)
	at org.scalaide.core.internal.statistics.Statistics$$anonfun$readStats$1.apply(Statistics.scala:51)
	at org.scalaide.core.ScalaIdeDataStore$$anonfun$validate$2.apply(ScalaIdeDataStore.scala:59)
	at org.scalaide.util.eclipse.EclipseUtils$$anon$3.run(EclipseUtils.scala:214)
	at org.eclipse.core.runtime.SafeRunner.run(SafeRunner.java:42)
	at org.scalaide.util.eclipse.EclipseUtils$.withSafeRunner(EclipseUtils.scala:210)
	at org.scalaide.core.ScalaIdeDataStore$.validate(ScalaIdeDataStore.scala:58)
	at org.scalaide.core.internal.statistics.Statistics.readStats(Statistics.scala:51)
	at org.scalaide.core.internal.statistics.Statistics.<init>(Statistics.scala:30)
	at org.scalaide.core.internal.ScalaPlugin.stats$lzycompute(ScalaPlugin.scala:135)
	at org.scalaide.core.internal.ScalaPlugin.stats(ScalaPlugin.scala:135)
	at org.scalaide.core.internal.ScalaPlugin.statistics(ScalaPlugin.scala:138)
	at org.scalaide.core.internal.ScalaPlugin.start(ScalaPlugin.scala:109)
	at org.eclipse.osgi.internal.framework.BundleContextImpl$3.run(BundleContextImpl.java:774)
	at org.eclipse.osgi.internal.framework.BundleContextImpl$3.run(BundleContextImpl.java:1)
	at java.security.AccessController.doPrivileged(Native Method)
	at org.eclipse.osgi.internal.framework.BundleContextImpl.startActivator(BundleContextImpl.java:767)
	at org.eclipse.osgi.internal.framework.BundleContextImpl.start(BundleContextImpl.java:724)
	at org.eclipse.osgi.internal.framework.EquinoxBundle.startWorker0(EquinoxBundle.java:932)
	at org.eclipse.osgi.internal.framework.EquinoxBundle$EquinoxModule.startWorker(EquinoxBundle.java:309)
	at org.eclipse.osgi.container.Module.doStart(Module.java:581)
	at org.eclipse.osgi.container.Module.start(Module.java:449)
	at org.eclipse.osgi.framework.util.SecureAction.start(SecureAction.java:470)
	at org.eclipse.osgi.internal.hooks.EclipseLazyStarter.postFindLocalClass(EclipseLazyStarter.java:107)
	at org.eclipse.osgi.internal.loader.classpath.ClasspathManager.findLocalClass(ClasspathManager.java:529)
	at org.eclipse.osgi.internal.loader.ModuleClassLoader.findLocalClass(ModuleClassLoader.java:325)
	at org.eclipse.osgi.internal.loader.BundleLoader.findLocalClass(BundleLoader.java:345)
	at org.eclipse.osgi.internal.loader.BundleLoader.findClassInternal(BundleLoader.java:423)
	at org.eclipse.osgi.internal.loader.BundleLoader.findClass(BundleLoader.java:372)
	at org.eclipse.osgi.internal.loader.BundleLoader.findClass(BundleLoader.java:364)
	at org.eclipse.osgi.internal.loader.ModuleClassLoader.loadClass(ModuleClassLoader.java:161)
	at java.lang.ClassLoader.loadClass(ClassLoader.java:357)
	at org.eclipse.osgi.internal.framework.EquinoxBundle.loadClass(EquinoxBundle.java:564)
	at org.eclipse.core.internal.registry.osgi.RegistryStrategyOSGI.createExecutableExtension(RegistryStrategyOSGI.java:174)
	at org.eclipse.core.internal.registry.ExtensionRegistry.createExecutableExtension(ExtensionRegistry.java:905)
	at org.eclipse.core.internal.registry.ConfigurationElement.createExecutableExtension(ConfigurationElement.java:243)
	at org.eclipse.core.internal.registry.ConfigurationElementHandle.createExecutableExtension(ConfigurationElementHandle.java:55)
	at org.eclipse.ui.internal.registry.PerspectiveDescriptor.createFactory(PerspectiveDescriptor.java:75)
	at org.eclipse.ui.internal.WorkbenchPage.createPerspective(WorkbenchPage.java:4159)
	at org.eclipse.ui.internal.WorkbenchPage.setPerspective(WorkbenchPage.java:4068)
	at org.eclipse.ui.internal.WorkbenchWindow.setup(WorkbenchWindow.java:738)
	at sun.reflect.NativeMethodAccessorImpl.invoke0(Native Method)
	at sun.reflect.NativeMethodAccessorImpl.invoke(NativeMethodAccessorImpl.java:62)
	at sun.reflect.DelegatingMethodAccessorImpl.invoke(DelegatingMethodAccessorImpl.java:43)
	at java.lang.reflect.Method.invoke(Method.java:498)
	at org.eclipse.e4.core.internal.di.MethodRequestor.execute(MethodRequestor.java:55)
	at org.eclipse.e4.core.internal.di.InjectorImpl.processAnnotated(InjectorImpl.java:966)
	at org.eclipse.e4.core.internal.di.InjectorImpl.inject(InjectorImpl.java:151)
	at org.eclipse.e4.core.internal.di.InjectorImpl.inject(InjectorImpl.java:118)
	at org.eclipse.e4.core.contexts.ContextInjectionFactory.inject(ContextInjectionFactory.java:73)
	at org.eclipse.ui.internal.Workbench.createWorkbenchWindow(Workbench.java:1525)
	at org.eclipse.ui.internal.Workbench.getActiveWorkbenchWindow(Workbench.java:1499)
	at org.eclipse.ui.internal.services.WorkbenchSourceProvider.updateActiveShell(WorkbenchSourceProvider.java:923)
	at org.eclipse.ui.internal.services.WorkbenchSourceProvider.getCurrentState(WorkbenchSourceProvider.java:117)
	at org.eclipse.ui.internal.services.WorkbenchSourceProvider$6.handleEvent(WorkbenchSourceProvider.java:683)
	at org.eclipse.swt.widgets.EventTable.sendEvent(EventTable.java:84)
	at org.eclipse.swt.widgets.Display.filterEvent(Display.java:1605)
	at org.eclipse.swt.widgets.Widget.sendEvent(Widget.java:1339)
	at org.eclipse.swt.widgets.Widget.sendEvent(Widget.java:1366)
	at org.eclipse.swt.widgets.Widget.sendEvent(Widget.java:1345)
	at org.eclipse.swt.widgets.Shell.gtk_focus_in_event(Shell.java:1396)
	at org.eclipse.swt.widgets.Widget.windowProc(Widget.java:1998)
	at org.eclipse.swt.widgets.Control.windowProc(Control.java:5819)
	at org.eclipse.swt.widgets.Display.windowProc(Display.java:5490)
	at org.eclipse.swt.internal.gtk.OS._gtk_main_do_event(Native Method)
	at org.eclipse.swt.internal.gtk.OS.gtk_main_do_event(OS.java:9555)
	at org.eclipse.swt.widgets.Display.eventProc(Display.java:1275)
	at org.eclipse.swt.internal.gtk.OS._g_main_context_iteration(Native Method)
	at org.eclipse.swt.internal.gtk.OS.g_main_context_iteration(OS.java:2495)
	at org.eclipse.swt.widgets.Display.readAndDispatch(Display.java:4141)
	at org.eclipse.e4.ui.internal.workbench.swt.PartRenderingEngine$4.run(PartRenderingEngine.java:1121)
	at org.eclipse.core.databinding.observable.Realm.runWithDefault(Realm.java:336)
	at org.eclipse.e4.ui.internal.workbench.swt.PartRenderingEngine.run(PartRenderingEngine.java:1022)
	at org.eclipse.e4.ui.internal.workbench.E4Workbench.createAndRunUI(E4Workbench.java:150)
	at org.eclipse.ui.internal.Workbench$5.run(Workbench.java:687)
	at org.eclipse.core.databinding.observable.Realm.runWithDefault(Realm.java:336)
	at org.eclipse.ui.internal.Workbench.createAndRunWorkbench(Workbench.java:604)
	at org.eclipse.ui.PlatformUI.createAndRunWorkbench(PlatformUI.java:148)
	at org.eclipse.ui.internal.ide.application.IDEApplication.start(IDEApplication.java:138)
	at org.eclipse.equinox.internal.app.EclipseAppHandle.run(EclipseAppHandle.java:196)
	at org.eclipse.core.runtime.internal.adaptor.EclipseAppLauncher.runApplication(EclipseAppLauncher.java:134)
	at org.eclipse.core.runtime.internal.adaptor.EclipseAppLauncher.start(EclipseAppLauncher.java:104)
	at org.eclipse.core.runtime.adaptor.EclipseStarter.run(EclipseStarter.java:388)
	at org.eclipse.core.runtime.adaptor.EclipseStarter.run(EclipseStarter.java:243)
	at sun.reflect.NativeMethodAccessorImpl.invoke0(Native Method)
	at sun.reflect.NativeMethodAccessorImpl.invoke(NativeMethodAccessorImpl.java:62)
	at sun.reflect.DelegatingMethodAccessorImpl.invoke(DelegatingMethodAccessorImpl.java:43)
	at java.lang.reflect.Method.invoke(Method.java:498)
	at org.eclipse.equinox.launcher.Main.invokeFramework(Main.java:673)
	at org.eclipse.equinox.launcher.Main.basicRun(Main.java:610)
	at org.eclipse.equinox.launcher.Main.run(Main.java:1519)
	at org.eclipse.equinox.launcher.Main.main(Main.java:1492)
Caused by: com.cedarsoftware.util.io.JsonIoException: EOF reached prematurely
	at com.cedarsoftware.util.io.JsonParser.error(JsonParser.java:584)
	at com.cedarsoftware.util.io.JsonParser.readValue(JsonParser.java:278)
	at com.cedarsoftware.util.io.JsonReader.readObject(JsonReader.java:521)
	... 95 more
2017-05-06 01:39:23,923  WARN [ModalContext] - ScalaProject - Project scala_with_apache_spark_course has platform default sourceLevel.
2017-05-06 01:39:23,924  WARN [ModalContext] - ScalaProject - Project scala_with_apache_spark_course runs on platform default installation.
2017-05-06 01:39:23,972 ERROR [Worker-1] - System.err - log4j:WARN No appenders could be found for logger (org.eclipse.jgit.util.FS).
2017-05-06 01:39:23,972 ERROR [Worker-1] - System.err - log4j:WARN Please initialize the log4j system properly.
2017-05-06 01:39:24,303  WARN [Worker-0] - ScalaProject - Project scala_with_apache_spark_course has platform default sourceLevel.
2017-05-06 01:39:24,305  WARN [Worker-0] - ScalaProject - Project scala_with_apache_spark_course runs on platform default installation.
2017-05-06 01:40:29,717  WARN [Worker-3] - ScalaProject - Project scala_with_apache_spark_course has platform default sourceLevel.
2017-05-06 01:40:29,717  WARN [Worker-3] - ScalaProject - Project scala_with_apache_spark_course runs on platform default installation.
2017-05-06 01:41:39,913  WARN [Worker-0] - ScalaProject - Project scala_with_apache_spark_course has platform default sourceLevel.
2017-05-06 01:41:39,913  WARN [Worker-0] - ScalaProject - Project scala_with_apache_spark_course runs on platform default installation.
2017-05-06 01:41:40,362  WARN [Java indexing] - ScalaProject - Project scala_with_apache_spark_course has platform default sourceLevel.
2017-05-06 01:41:40,362  WARN [Java indexing] - ScalaProject - Project scala_with_apache_spark_course runs on platform default installation.
2017-05-06 01:48:20,592  WARN [Worker-3] - ScalaProject - Project scala_with_apache_spark_course has platform default sourceLevel.
2017-05-06 01:48:20,592  WARN [Worker-3] - ScalaProject - Project scala_with_apache_spark_course runs on platform default installation.
2017-05-06 01:48:20,755  WARN [Worker-3] - ScalaProject - Project scala_with_apache_spark_course has platform default sourceLevel.
2017-05-06 01:48:20,755  WARN [Worker-3] - ScalaProject - Project scala_with_apache_spark_course runs on platform default installation.
2017-05-06 01:48:21,588  WARN [org.scalaide.ui.internal.reconciliation.ScalaReconciler] - ScalaProject - Project scala_with_apache_spark_course has platform default sourceLevel.
2017-05-06 01:48:21,588  WARN [org.scalaide.ui.internal.reconciliation.ScalaReconciler] - ScalaProject - Project scala_with_apache_spark_course runs on platform default installation.
2017-05-06 01:50:34,346  WARN [Worker-9] - ScalaProject - Project scala_with_apache_spark_course has platform default sourceLevel.
2017-05-06 01:50:34,346  WARN [Worker-9] - ScalaProject - Project scala_with_apache_spark_course runs on platform default installation.
2017-05-06 01:50:34,349  WARN [Worker-9] - ScalaProject - Project scala_with_apache_spark_course has platform default sourceLevel.
2017-05-06 01:50:34,349  WARN [Worker-9] - ScalaProject - Project scala_with_apache_spark_course runs on platform default installation.
2017-05-06 01:50:34,721  WARN [org.scalaide.ui.internal.reconciliation.ScalaReconciler] - ScalaProject - Project scala_with_apache_spark_course has platform default sourceLevel.
2017-05-06 01:50:34,721  WARN [org.scalaide.ui.internal.reconciliation.ScalaReconciler] - ScalaProject - Project scala_with_apache_spark_course runs on platform default installation.
2017-05-06 01:52:21,218 ERROR [main] - Statistics - Statistics file `/home/julian/.scalaide/statistics` is corrupted. A new one is being created. Corrupted content was:

com.cedarsoftware.util.io.JsonIoException: error parsing JSON value
	at com.cedarsoftware.util.io.JsonReader.readObject(JsonReader.java:529)
	at com.cedarsoftware.util.io.JsonReader.jsonToJava(JsonReader.java:289)
	at com.cedarsoftware.util.io.JsonReader.jsonToJava(JsonReader.java:262)
	at org.scalaide.core.internal.statistics.Statistics.org$scalaide$core$internal$statistics$Statistics$$read(Statistics.scala:74)
	at org.scalaide.core.internal.statistics.Statistics$$anonfun$readStats$1.apply(Statistics.scala:52)
	at org.scalaide.core.internal.statistics.Statistics$$anonfun$readStats$1.apply(Statistics.scala:51)
	at org.scalaide.core.ScalaIdeDataStore$$anonfun$validate$2.apply(ScalaIdeDataStore.scala:59)
	at org.scalaide.util.eclipse.EclipseUtils$$anon$3.run(EclipseUtils.scala:214)
	at org.eclipse.core.runtime.SafeRunner.run(SafeRunner.java:42)
	at org.scalaide.util.eclipse.EclipseUtils$.withSafeRunner(EclipseUtils.scala:210)
	at org.scalaide.core.ScalaIdeDataStore$.validate(ScalaIdeDataStore.scala:58)
	at org.scalaide.core.internal.statistics.Statistics.readStats(Statistics.scala:51)
	at org.scalaide.core.internal.statistics.Statistics.<init>(Statistics.scala:30)
	at org.scalaide.core.internal.ScalaPlugin.stats$lzycompute(ScalaPlugin.scala:135)
	at org.scalaide.core.internal.ScalaPlugin.stats(ScalaPlugin.scala:135)
	at org.scalaide.core.internal.ScalaPlugin.statistics(ScalaPlugin.scala:138)
	at org.scalaide.core.internal.ScalaPlugin.start(ScalaPlugin.scala:109)
	at org.eclipse.osgi.internal.framework.BundleContextImpl$3.run(BundleContextImpl.java:774)
	at org.eclipse.osgi.internal.framework.BundleContextImpl$3.run(BundleContextImpl.java:1)
	at java.security.AccessController.doPrivileged(Native Method)
	at org.eclipse.osgi.internal.framework.BundleContextImpl.startActivator(BundleContextImpl.java:767)
	at org.eclipse.osgi.internal.framework.BundleContextImpl.start(BundleContextImpl.java:724)
	at org.eclipse.osgi.internal.framework.EquinoxBundle.startWorker0(EquinoxBundle.java:932)
	at org.eclipse.osgi.internal.framework.EquinoxBundle$EquinoxModule.startWorker(EquinoxBundle.java:309)
	at org.eclipse.osgi.container.Module.doStart(Module.java:581)
	at org.eclipse.osgi.container.Module.start(Module.java:449)
	at org.eclipse.osgi.framework.util.SecureAction.start(SecureAction.java:470)
	at org.eclipse.osgi.internal.hooks.EclipseLazyStarter.postFindLocalClass(EclipseLazyStarter.java:107)
	at org.eclipse.osgi.internal.loader.classpath.ClasspathManager.findLocalClass(ClasspathManager.java:529)
	at org.eclipse.osgi.internal.loader.ModuleClassLoader.findLocalClass(ModuleClassLoader.java:325)
	at org.eclipse.osgi.internal.loader.BundleLoader.findLocalClass(BundleLoader.java:345)
	at org.eclipse.osgi.internal.loader.BundleLoader.findClassInternal(BundleLoader.java:423)
	at org.eclipse.osgi.internal.loader.BundleLoader.findClass(BundleLoader.java:372)
	at org.eclipse.osgi.internal.loader.BundleLoader.findClass(BundleLoader.java:364)
	at org.eclipse.osgi.internal.loader.ModuleClassLoader.loadClass(ModuleClassLoader.java:161)
	at java.lang.ClassLoader.loadClass(ClassLoader.java:357)
	at org.eclipse.osgi.internal.framework.EquinoxBundle.loadClass(EquinoxBundle.java:564)
	at org.eclipse.core.internal.registry.osgi.RegistryStrategyOSGI.createExecutableExtension(RegistryStrategyOSGI.java:174)
	at org.eclipse.core.internal.registry.ExtensionRegistry.createExecutableExtension(ExtensionRegistry.java:905)
	at org.eclipse.core.internal.registry.ConfigurationElement.createExecutableExtension(ConfigurationElement.java:243)
	at org.eclipse.core.internal.registry.ConfigurationElementHandle.createExecutableExtension(ConfigurationElementHandle.java:55)
	at org.eclipse.jdt.internal.ui.filters.FilterDescriptor$1.run(FilterDescriptor.java:135)
	at org.eclipse.core.runtime.SafeRunner.run(SafeRunner.java:42)
	at org.eclipse.jdt.internal.ui.filters.FilterDescriptor.createViewerFilter(FilterDescriptor.java:139)
	at org.eclipse.jdt.ui.actions.CustomFiltersActionGroup$FilterItem.getFilterInstance(CustomFiltersActionGroup.java:187)
	at org.eclipse.jdt.ui.actions.CustomFiltersActionGroup.updateViewerFilters(CustomFiltersActionGroup.java:517)
	at org.eclipse.jdt.ui.actions.CustomFiltersActionGroup.<init>(CustomFiltersActionGroup.java:275)
	at org.eclipse.jdt.ui.actions.CustomFiltersActionGroup.<init>(CustomFiltersActionGroup.java:241)
	at org.eclipse.jdt.internal.ui.packageview.PackageExplorerActionGroup.<init>(PackageExplorerActionGroup.java:149)
	at org.eclipse.jdt.internal.ui.packageview.PackageExplorerPart.makeActions(PackageExplorerPart.java:800)
	at org.eclipse.jdt.internal.ui.packageview.PackageExplorerPart.createPartControl(PackageExplorerPart.java:506)
	at org.eclipse.ui.internal.e4.compatibility.CompatibilityPart.createPartControl(CompatibilityPart.java:150)
	at org.eclipse.ui.internal.e4.compatibility.CompatibilityView.createPartControl(CompatibilityView.java:143)
	at org.eclipse.ui.internal.e4.compatibility.CompatibilityPart.create(CompatibilityPart.java:340)
	at sun.reflect.NativeMethodAccessorImpl.invoke0(Native Method)
	at sun.reflect.NativeMethodAccessorImpl.invoke(NativeMethodAccessorImpl.java:62)
	at sun.reflect.DelegatingMethodAccessorImpl.invoke(DelegatingMethodAccessorImpl.java:43)
	at java.lang.reflect.Method.invoke(Method.java:498)
	at org.eclipse.e4.core.internal.di.MethodRequestor.execute(MethodRequestor.java:55)
	at org.eclipse.e4.core.internal.di.InjectorImpl.processAnnotated(InjectorImpl.java:966)
	at org.eclipse.e4.core.internal.di.InjectorImpl.processAnnotated(InjectorImpl.java:931)
	at org.eclipse.e4.core.internal.di.InjectorImpl.inject(InjectorImpl.java:151)
	at org.eclipse.e4.core.internal.di.InjectorImpl.internalMake(InjectorImpl.java:375)
	at org.eclipse.e4.core.internal.di.InjectorImpl.make(InjectorImpl.java:294)
	at org.eclipse.e4.core.contexts.ContextInjectionFactory.make(ContextInjectionFactory.java:162)
	at org.eclipse.e4.ui.internal.workbench.ReflectionContributionFactory.createFromBundle(ReflectionContributionFactory.java:105)
	at org.eclipse.e4.ui.internal.workbench.ReflectionContributionFactory.doCreate(ReflectionContributionFactory.java:74)
	at org.eclipse.e4.ui.internal.workbench.ReflectionContributionFactory.create(ReflectionContributionFactory.java:56)
	at org.eclipse.e4.ui.workbench.renderers.swt.ContributedPartRenderer.createWidget(ContributedPartRenderer.java:129)
	at org.eclipse.e4.ui.internal.workbench.swt.PartRenderingEngine.createWidget(PartRenderingEngine.java:975)
	at org.eclipse.e4.ui.internal.workbench.swt.PartRenderingEngine.safeCreateGui(PartRenderingEngine.java:651)
	at org.eclipse.e4.ui.internal.workbench.swt.PartRenderingEngine$1.run(PartRenderingEngine.java:536)
	at org.eclipse.core.runtime.SafeRunner.run(SafeRunner.java:42)
	at org.eclipse.e4.ui.internal.workbench.swt.PartRenderingEngine.createGui(PartRenderingEngine.java:520)
	at org.eclipse.e4.ui.workbench.renderers.swt.ElementReferenceRenderer.createWidget(ElementReferenceRenderer.java:70)
	at org.eclipse.e4.ui.internal.workbench.swt.PartRenderingEngine.createWidget(PartRenderingEngine.java:975)
	at org.eclipse.e4.ui.internal.workbench.swt.PartRenderingEngine.safeCreateGui(PartRenderingEngine.java:651)
	at org.eclipse.e4.ui.internal.workbench.swt.PartRenderingEngine.safeCreateGui(PartRenderingEngine.java:757)
	at org.eclipse.e4.ui.internal.workbench.swt.PartRenderingEngine.access$0(PartRenderingEngine.java:728)
	at org.eclipse.e4.ui.internal.workbench.swt.PartRenderingEngine$2.run(PartRenderingEngine.java:722)
	at org.eclipse.core.runtime.SafeRunner.run(SafeRunner.java:42)
	at org.eclipse.e4.ui.internal.workbench.swt.PartRenderingEngine.createGui(PartRenderingEngine.java:706)
	at org.eclipse.e4.ui.workbench.renderers.swt.StackRenderer.showTab(StackRenderer.java:1317)
	at org.eclipse.e4.ui.workbench.renderers.swt.LazyStackRenderer.postProcess(LazyStackRenderer.java:103)
	at org.eclipse.e4.ui.internal.workbench.swt.PartRenderingEngine.safeCreateGui(PartRenderingEngine.java:669)
	at org.eclipse.e4.ui.internal.workbench.swt.PartRenderingEngine.safeCreateGui(PartRenderingEngine.java:757)
	at org.eclipse.e4.ui.internal.workbench.swt.PartRenderingEngine.access$0(PartRenderingEngine.java:728)
	at org.eclipse.e4.ui.internal.workbench.swt.PartRenderingEngine$2.run(PartRenderingEngine.java:722)
	at org.eclipse.core.runtime.SafeRunner.run(SafeRunner.java:42)
	at org.eclipse.e4.ui.internal.workbench.swt.PartRenderingEngine.createGui(PartRenderingEngine.java:706)
	at org.eclipse.e4.ui.workbench.renderers.swt.SWTPartRenderer.processContents(SWTPartRenderer.java:70)
	at org.eclipse.e4.ui.workbench.renderers.swt.SashRenderer.processContents(SashRenderer.java:142)
	at org.eclipse.e4.ui.internal.workbench.swt.PartRenderingEngine.safeCreateGui(PartRenderingEngine.java:665)
	at org.eclipse.e4.ui.internal.workbench.swt.PartRenderingEngine.safeCreateGui(PartRenderingEngine.java:757)
	at org.eclipse.e4.ui.internal.workbench.swt.PartRenderingEngine.access$0(PartRenderingEngine.java:728)
	at org.eclipse.e4.ui.internal.workbench.swt.PartRenderingEngine$2.run(PartRenderingEngine.java:722)
	at org.eclipse.core.runtime.SafeRunner.run(SafeRunner.java:42)
	at org.eclipse.e4.ui.internal.workbench.swt.PartRenderingEngine.createGui(PartRenderingEngine.java:706)
	at org.eclipse.e4.ui.workbench.renderers.swt.SWTPartRenderer.processContents(SWTPartRenderer.java:70)
	at org.eclipse.e4.ui.workbench.renderers.swt.PerspectiveRenderer.processContents(PerspectiveRenderer.java:49)
	at org.eclipse.e4.ui.internal.workbench.swt.PartRenderingEngine.safeCreateGui(PartRenderingEngine.java:665)
	at org.eclipse.e4.ui.internal.workbench.swt.PartRenderingEngine.safeCreateGui(PartRenderingEngine.java:757)
	at org.eclipse.e4.ui.internal.workbench.swt.PartRenderingEngine.access$0(PartRenderingEngine.java:728)
	at org.eclipse.e4.ui.internal.workbench.swt.PartRenderingEngine$2.run(PartRenderingEngine.java:722)
	at org.eclipse.core.runtime.SafeRunner.run(SafeRunner.java:42)
	at org.eclipse.e4.ui.internal.workbench.swt.PartRenderingEngine.createGui(PartRenderingEngine.java:706)
	at org.eclipse.e4.ui.workbench.renderers.swt.PerspectiveStackRenderer.showTab(PerspectiveStackRenderer.java:82)
	at org.eclipse.e4.ui.workbench.renderers.swt.LazyStackRenderer.postProcess(LazyStackRenderer.java:103)
	at org.eclipse.e4.ui.workbench.renderers.swt.PerspectiveStackRenderer.postProcess(PerspectiveStackRenderer.java:63)
	at org.eclipse.e4.ui.internal.workbench.swt.PartRenderingEngine.safeCreateGui(PartRenderingEngine.java:669)
	at org.eclipse.e4.ui.internal.workbench.swt.PartRenderingEngine.safeCreateGui(PartRenderingEngine.java:757)
	at org.eclipse.e4.ui.internal.workbench.swt.PartRenderingEngine.access$0(PartRenderingEngine.java:728)
	at org.eclipse.e4.ui.internal.workbench.swt.PartRenderingEngine$2.run(PartRenderingEngine.java:722)
	at org.eclipse.core.runtime.SafeRunner.run(SafeRunner.java:42)
	at org.eclipse.e4.ui.internal.workbench.swt.PartRenderingEngine.createGui(PartRenderingEngine.java:706)
	at org.eclipse.e4.ui.workbench.renderers.swt.SWTPartRenderer.processContents(SWTPartRenderer.java:70)
	at org.eclipse.e4.ui.workbench.renderers.swt.SashRenderer.processContents(SashRenderer.java:142)
	at org.eclipse.e4.ui.internal.workbench.swt.PartRenderingEngine.safeCreateGui(PartRenderingEngine.java:665)
	at org.eclipse.e4.ui.internal.workbench.swt.PartRenderingEngine.safeCreateGui(PartRenderingEngine.java:757)
	at org.eclipse.e4.ui.internal.workbench.swt.PartRenderingEngine.access$0(PartRenderingEngine.java:728)
	at org.eclipse.e4.ui.internal.workbench.swt.PartRenderingEngine$2.run(PartRenderingEngine.java:722)
	at org.eclipse.core.runtime.SafeRunner.run(SafeRunner.java:42)
	at org.eclipse.e4.ui.internal.workbench.swt.PartRenderingEngine.createGui(PartRenderingEngine.java:706)
	at org.eclipse.e4.ui.workbench.renderers.swt.SWTPartRenderer.processContents(SWTPartRenderer.java:70)
	at org.eclipse.e4.ui.workbench.renderers.swt.WBWRenderer.processContents(WBWRenderer.java:725)
	at org.eclipse.e4.ui.internal.workbench.swt.PartRenderingEngine.safeCreateGui(PartRenderingEngine.java:665)
	at org.eclipse.e4.ui.internal.workbench.swt.PartRenderingEngine.safeCreateGui(PartRenderingEngine.java:757)
	at org.eclipse.e4.ui.internal.workbench.swt.PartRenderingEngine.access$0(PartRenderingEngine.java:728)
	at org.eclipse.e4.ui.internal.workbench.swt.PartRenderingEngine$2.run(PartRenderingEngine.java:722)
	at org.eclipse.core.runtime.SafeRunner.run(SafeRunner.java:42)
	at org.eclipse.e4.ui.internal.workbench.swt.PartRenderingEngine.createGui(PartRenderingEngine.java:706)
	at org.eclipse.e4.ui.internal.workbench.swt.PartRenderingEngine$4.run(PartRenderingEngine.java:1059)
	at org.eclipse.core.databinding.observable.Realm.runWithDefault(Realm.java:336)
	at org.eclipse.e4.ui.internal.workbench.swt.PartRenderingEngine.run(PartRenderingEngine.java:1022)
	at org.eclipse.e4.ui.internal.workbench.E4Workbench.createAndRunUI(E4Workbench.java:150)
	at org.eclipse.ui.internal.Workbench$5.run(Workbench.java:687)
	at org.eclipse.core.databinding.observable.Realm.runWithDefault(Realm.java:336)
	at org.eclipse.ui.internal.Workbench.createAndRunWorkbench(Workbench.java:604)
	at org.eclipse.ui.PlatformUI.createAndRunWorkbench(PlatformUI.java:148)
	at org.eclipse.ui.internal.ide.application.IDEApplication.start(IDEApplication.java:138)
	at org.eclipse.equinox.internal.app.EclipseAppHandle.run(EclipseAppHandle.java:196)
	at org.eclipse.core.runtime.internal.adaptor.EclipseAppLauncher.runApplication(EclipseAppLauncher.java:134)
	at org.eclipse.core.runtime.internal.adaptor.EclipseAppLauncher.start(EclipseAppLauncher.java:104)
	at org.eclipse.core.runtime.adaptor.EclipseStarter.run(EclipseStarter.java:388)
	at org.eclipse.core.runtime.adaptor.EclipseStarter.run(EclipseStarter.java:243)
	at sun.reflect.NativeMethodAccessorImpl.invoke0(Native Method)
	at sun.reflect.NativeMethodAccessorImpl.invoke(NativeMethodAccessorImpl.java:62)
	at sun.reflect.DelegatingMethodAccessorImpl.invoke(DelegatingMethodAccessorImpl.java:43)
	at java.lang.reflect.Method.invoke(Method.java:498)
	at org.eclipse.equinox.launcher.Main.invokeFramework(Main.java:673)
	at org.eclipse.equinox.launcher.Main.basicRun(Main.java:610)
	at org.eclipse.equinox.launcher.Main.run(Main.java:1519)
	at org.eclipse.equinox.launcher.Main.main(Main.java:1492)
Caused by: com.cedarsoftware.util.io.JsonIoException: EOF reached prematurely
	at com.cedarsoftware.util.io.JsonParser.error(JsonParser.java:584)
	at com.cedarsoftware.util.io.JsonParser.readValue(JsonParser.java:278)
	at com.cedarsoftware.util.io.JsonReader.readObject(JsonReader.java:521)
	... 152 more
2017-05-06 01:52:21,544  WARN [main] - ScalaProject - Project scala_with_apache_spark_course has platform default sourceLevel.
2017-05-06 01:52:21,545  WARN [main] - ScalaProject - Project scala_with_apache_spark_course runs on platform default installation.
2017-05-06 01:52:21,547  WARN [main] - ScalaProject - Project scala_with_apache_spark_course has platform default sourceLevel.
2017-05-06 01:52:21,547  WARN [main] - ScalaProject - Project scala_with_apache_spark_course runs on platform default installation.
2017-05-06 01:52:24,436 ERROR [Worker-5] - System.err - log4j:WARN No appenders could be found for logger (org.eclipse.jgit.util.FS).
2017-05-06 01:52:24,437 ERROR [Worker-5] - System.err - log4j:WARN Please initialize the log4j system properly.
2017-05-06 02:08:43,223  WARN [Worker-2] - ScalaProject - Project scala_with_apache_spark_course has platform default sourceLevel.
2017-05-06 02:08:43,223  WARN [Worker-2] - ScalaProject - Project scala_with_apache_spark_course runs on platform default installation.
2017-05-06 02:08:43,402  WARN [Worker-7] - ScalaProject - Project scala_with_apache_spark_course has platform default sourceLevel.
2017-05-06 02:08:43,402  WARN [Worker-7] - ScalaProject - Project scala_with_apache_spark_course runs on platform default installation.
2017-05-06 02:08:44,434  WARN [org.scalaide.ui.internal.reconciliation.ScalaReconciler] - ScalaProject - Project scala_with_apache_spark_course has platform default sourceLevel.
2017-05-06 02:08:44,434  WARN [org.scalaide.ui.internal.reconciliation.ScalaReconciler] - ScalaProject - Project scala_with_apache_spark_course runs on platform default installation.
2017-05-06 02:09:07,998  WARN [Worker-5] - ScalaProject - Project scala_with_apache_spark_course has platform default sourceLevel.
2017-05-06 02:09:07,999  WARN [Worker-5] - ScalaProject - Project scala_with_apache_spark_course runs on platform default installation.
2017-05-06 02:09:08,495  WARN [Java indexing] - ScalaProject - Project scala_with_apache_spark_course has platform default sourceLevel.
2017-05-06 02:09:08,495  WARN [Java indexing] - ScalaProject - Project scala_with_apache_spark_course runs on platform default installation.
2017-05-06 02:09:09,438  WARN [Worker-8] - ScalaProject - Project scala_with_apache_spark_course has platform default sourceLevel.
2017-05-06 02:09:09,438  WARN [Worker-8] - ScalaProject - Project scala_with_apache_spark_course runs on platform default installation.
2017-05-06 02:09:09,441  WARN [Worker-8] - ScalaProject - Project scala_with_apache_spark_course has platform default sourceLevel.
2017-05-06 02:09:09,441  WARN [Worker-8] - ScalaProject - Project scala_with_apache_spark_course runs on platform default installation.
2017-05-06 02:10:28,086  WARN [Worker-9] - ScalaProject - Project scala_with_apache_spark_course has platform default sourceLevel.
2017-05-06 02:10:28,086  WARN [Worker-9] - ScalaProject - Project scala_with_apache_spark_course runs on platform default installation.
2017-05-06 02:11:54,526  WARN [Worker-8] - ScalaProject - Project scala_with_apache_spark_course has platform default sourceLevel.
2017-05-06 02:11:54,526  WARN [Worker-8] - ScalaProject - Project scala_with_apache_spark_course runs on platform default installation.
2017-05-06 02:11:55,255  WARN [org.scalaide.ui.internal.reconciliation.ScalaReconciler] - ScalaProject - Project scala_with_apache_spark_course has platform default sourceLevel.
2017-05-06 02:11:55,255  WARN [org.scalaide.ui.internal.reconciliation.ScalaReconciler] - ScalaProject - Project scala_with_apache_spark_course runs on platform default installation.
2017-05-06 02:12:28,894 ERROR [main] - Statistics - Statistics file `/home/julian/.scalaide/statistics` is corrupted. A new one is being created. Corrupted content was:

com.cedarsoftware.util.io.JsonIoException: error parsing JSON value
	at com.cedarsoftware.util.io.JsonReader.readObject(JsonReader.java:529)
	at com.cedarsoftware.util.io.JsonReader.jsonToJava(JsonReader.java:289)
	at com.cedarsoftware.util.io.JsonReader.jsonToJava(JsonReader.java:262)
	at org.scalaide.core.internal.statistics.Statistics.org$scalaide$core$internal$statistics$Statistics$$read(Statistics.scala:74)
	at org.scalaide.core.internal.statistics.Statistics$$anonfun$readStats$1.apply(Statistics.scala:52)
	at org.scalaide.core.internal.statistics.Statistics$$anonfun$readStats$1.apply(Statistics.scala:51)
	at org.scalaide.core.ScalaIdeDataStore$$anonfun$validate$2.apply(ScalaIdeDataStore.scala:59)
	at org.scalaide.util.eclipse.EclipseUtils$$anon$3.run(EclipseUtils.scala:214)
	at org.eclipse.core.runtime.SafeRunner.run(SafeRunner.java:42)
	at org.scalaide.util.eclipse.EclipseUtils$.withSafeRunner(EclipseUtils.scala:210)
	at org.scalaide.core.ScalaIdeDataStore$.validate(ScalaIdeDataStore.scala:58)
	at org.scalaide.core.internal.statistics.Statistics.readStats(Statistics.scala:51)
	at org.scalaide.core.internal.statistics.Statistics.<init>(Statistics.scala:30)
	at org.scalaide.core.internal.ScalaPlugin.stats$lzycompute(ScalaPlugin.scala:135)
	at org.scalaide.core.internal.ScalaPlugin.stats(ScalaPlugin.scala:135)
	at org.scalaide.core.internal.ScalaPlugin.statistics(ScalaPlugin.scala:138)
	at org.scalaide.core.internal.ScalaPlugin.start(ScalaPlugin.scala:109)
	at org.eclipse.osgi.internal.framework.BundleContextImpl$3.run(BundleContextImpl.java:774)
	at org.eclipse.osgi.internal.framework.BundleContextImpl$3.run(BundleContextImpl.java:1)
	at java.security.AccessController.doPrivileged(Native Method)
	at org.eclipse.osgi.internal.framework.BundleContextImpl.startActivator(BundleContextImpl.java:767)
	at org.eclipse.osgi.internal.framework.BundleContextImpl.start(BundleContextImpl.java:724)
	at org.eclipse.osgi.internal.framework.EquinoxBundle.startWorker0(EquinoxBundle.java:932)
	at org.eclipse.osgi.internal.framework.EquinoxBundle$EquinoxModule.startWorker(EquinoxBundle.java:309)
	at org.eclipse.osgi.container.Module.doStart(Module.java:581)
	at org.eclipse.osgi.container.Module.start(Module.java:449)
	at org.eclipse.osgi.framework.util.SecureAction.start(SecureAction.java:470)
	at org.eclipse.osgi.internal.hooks.EclipseLazyStarter.postFindLocalClass(EclipseLazyStarter.java:107)
	at org.eclipse.osgi.internal.loader.classpath.ClasspathManager.findLocalClass(ClasspathManager.java:529)
	at org.eclipse.osgi.internal.loader.ModuleClassLoader.findLocalClass(ModuleClassLoader.java:325)
	at org.eclipse.osgi.internal.loader.BundleLoader.findLocalClass(BundleLoader.java:345)
	at org.eclipse.osgi.internal.loader.BundleLoader.findClassInternal(BundleLoader.java:423)
	at org.eclipse.osgi.internal.loader.BundleLoader.findClass(BundleLoader.java:372)
	at org.eclipse.osgi.internal.loader.BundleLoader.findClass(BundleLoader.java:364)
	at org.eclipse.osgi.internal.loader.ModuleClassLoader.loadClass(ModuleClassLoader.java:161)
	at java.lang.ClassLoader.loadClass(ClassLoader.java:357)
	at org.eclipse.osgi.internal.framework.EquinoxBundle.loadClass(EquinoxBundle.java:564)
	at org.eclipse.core.internal.registry.osgi.RegistryStrategyOSGI.createExecutableExtension(RegistryStrategyOSGI.java:174)
	at org.eclipse.core.internal.registry.ExtensionRegistry.createExecutableExtension(ExtensionRegistry.java:905)
	at org.eclipse.core.internal.registry.ConfigurationElement.createExecutableExtension(ConfigurationElement.java:243)
	at org.eclipse.core.internal.registry.ConfigurationElementHandle.createExecutableExtension(ConfigurationElementHandle.java:55)
	at org.eclipse.jdt.internal.ui.filters.FilterDescriptor$1.run(FilterDescriptor.java:135)
	at org.eclipse.core.runtime.SafeRunner.run(SafeRunner.java:42)
	at org.eclipse.jdt.internal.ui.filters.FilterDescriptor.createViewerFilter(FilterDescriptor.java:139)
	at org.eclipse.jdt.ui.actions.CustomFiltersActionGroup$FilterItem.getFilterInstance(CustomFiltersActionGroup.java:187)
	at org.eclipse.jdt.ui.actions.CustomFiltersActionGroup.updateViewerFilters(CustomFiltersActionGroup.java:517)
	at org.eclipse.jdt.ui.actions.CustomFiltersActionGroup.<init>(CustomFiltersActionGroup.java:275)
	at org.eclipse.jdt.ui.actions.CustomFiltersActionGroup.<init>(CustomFiltersActionGroup.java:241)
	at org.eclipse.jdt.internal.ui.packageview.PackageExplorerActionGroup.<init>(PackageExplorerActionGroup.java:149)
	at org.eclipse.jdt.internal.ui.packageview.PackageExplorerPart.makeActions(PackageExplorerPart.java:800)
	at org.eclipse.jdt.internal.ui.packageview.PackageExplorerPart.createPartControl(PackageExplorerPart.java:506)
	at org.eclipse.ui.internal.e4.compatibility.CompatibilityPart.createPartControl(CompatibilityPart.java:150)
	at org.eclipse.ui.internal.e4.compatibility.CompatibilityView.createPartControl(CompatibilityView.java:143)
	at org.eclipse.ui.internal.e4.compatibility.CompatibilityPart.create(CompatibilityPart.java:340)
	at sun.reflect.NativeMethodAccessorImpl.invoke0(Native Method)
	at sun.reflect.NativeMethodAccessorImpl.invoke(NativeMethodAccessorImpl.java:62)
	at sun.reflect.DelegatingMethodAccessorImpl.invoke(DelegatingMethodAccessorImpl.java:43)
	at java.lang.reflect.Method.invoke(Method.java:498)
	at org.eclipse.e4.core.internal.di.MethodRequestor.execute(MethodRequestor.java:55)
	at org.eclipse.e4.core.internal.di.InjectorImpl.processAnnotated(InjectorImpl.java:966)
	at org.eclipse.e4.core.internal.di.InjectorImpl.processAnnotated(InjectorImpl.java:931)
	at org.eclipse.e4.core.internal.di.InjectorImpl.inject(InjectorImpl.java:151)
	at org.eclipse.e4.core.internal.di.InjectorImpl.internalMake(InjectorImpl.java:375)
	at org.eclipse.e4.core.internal.di.InjectorImpl.make(InjectorImpl.java:294)
	at org.eclipse.e4.core.contexts.ContextInjectionFactory.make(ContextInjectionFactory.java:162)
	at org.eclipse.e4.ui.internal.workbench.ReflectionContributionFactory.createFromBundle(ReflectionContributionFactory.java:105)
	at org.eclipse.e4.ui.internal.workbench.ReflectionContributionFactory.doCreate(ReflectionContributionFactory.java:74)
	at org.eclipse.e4.ui.internal.workbench.ReflectionContributionFactory.create(ReflectionContributionFactory.java:56)
	at org.eclipse.e4.ui.workbench.renderers.swt.ContributedPartRenderer.createWidget(ContributedPartRenderer.java:129)
	at org.eclipse.e4.ui.internal.workbench.swt.PartRenderingEngine.createWidget(PartRenderingEngine.java:975)
	at org.eclipse.e4.ui.internal.workbench.swt.PartRenderingEngine.safeCreateGui(PartRenderingEngine.java:651)
	at org.eclipse.e4.ui.internal.workbench.swt.PartRenderingEngine$1.run(PartRenderingEngine.java:536)
	at org.eclipse.core.runtime.SafeRunner.run(SafeRunner.java:42)
	at org.eclipse.e4.ui.internal.workbench.swt.PartRenderingEngine.createGui(PartRenderingEngine.java:520)
	at org.eclipse.e4.ui.workbench.renderers.swt.ElementReferenceRenderer.createWidget(ElementReferenceRenderer.java:70)
	at org.eclipse.e4.ui.internal.workbench.swt.PartRenderingEngine.createWidget(PartRenderingEngine.java:975)
	at org.eclipse.e4.ui.internal.workbench.swt.PartRenderingEngine.safeCreateGui(PartRenderingEngine.java:651)
	at org.eclipse.e4.ui.internal.workbench.swt.PartRenderingEngine.safeCreateGui(PartRenderingEngine.java:757)
	at org.eclipse.e4.ui.internal.workbench.swt.PartRenderingEngine.access$0(PartRenderingEngine.java:728)
	at org.eclipse.e4.ui.internal.workbench.swt.PartRenderingEngine$2.run(PartRenderingEngine.java:722)
	at org.eclipse.core.runtime.SafeRunner.run(SafeRunner.java:42)
	at org.eclipse.e4.ui.internal.workbench.swt.PartRenderingEngine.createGui(PartRenderingEngine.java:706)
	at org.eclipse.e4.ui.workbench.renderers.swt.StackRenderer.showTab(StackRenderer.java:1317)
	at org.eclipse.e4.ui.workbench.renderers.swt.LazyStackRenderer.postProcess(LazyStackRenderer.java:103)
	at org.eclipse.e4.ui.internal.workbench.swt.PartRenderingEngine.safeCreateGui(PartRenderingEngine.java:669)
	at org.eclipse.e4.ui.internal.workbench.swt.PartRenderingEngine.safeCreateGui(PartRenderingEngine.java:757)
	at org.eclipse.e4.ui.internal.workbench.swt.PartRenderingEngine.access$0(PartRenderingEngine.java:728)
	at org.eclipse.e4.ui.internal.workbench.swt.PartRenderingEngine$2.run(PartRenderingEngine.java:722)
	at org.eclipse.core.runtime.SafeRunner.run(SafeRunner.java:42)
	at org.eclipse.e4.ui.internal.workbench.swt.PartRenderingEngine.createGui(PartRenderingEngine.java:706)
	at org.eclipse.e4.ui.workbench.renderers.swt.SWTPartRenderer.processContents(SWTPartRenderer.java:70)
	at org.eclipse.e4.ui.workbench.renderers.swt.SashRenderer.processContents(SashRenderer.java:142)
	at org.eclipse.e4.ui.internal.workbench.swt.PartRenderingEngine.safeCreateGui(PartRenderingEngine.java:665)
	at org.eclipse.e4.ui.internal.workbench.swt.PartRenderingEngine.safeCreateGui(PartRenderingEngine.java:757)
	at org.eclipse.e4.ui.internal.workbench.swt.PartRenderingEngine.access$0(PartRenderingEngine.java:728)
	at org.eclipse.e4.ui.internal.workbench.swt.PartRenderingEngine$2.run(PartRenderingEngine.java:722)
	at org.eclipse.core.runtime.SafeRunner.run(SafeRunner.java:42)
	at org.eclipse.e4.ui.internal.workbench.swt.PartRenderingEngine.createGui(PartRenderingEngine.java:706)
	at org.eclipse.e4.ui.workbench.renderers.swt.SWTPartRenderer.processContents(SWTPartRenderer.java:70)
	at org.eclipse.e4.ui.workbench.renderers.swt.PerspectiveRenderer.processContents(PerspectiveRenderer.java:49)
	at org.eclipse.e4.ui.internal.workbench.swt.PartRenderingEngine.safeCreateGui(PartRenderingEngine.java:665)
	at org.eclipse.e4.ui.internal.workbench.swt.PartRenderingEngine.safeCreateGui(PartRenderingEngine.java:757)
	at org.eclipse.e4.ui.internal.workbench.swt.PartRenderingEngine.access$0(PartRenderingEngine.java:728)
	at org.eclipse.e4.ui.internal.workbench.swt.PartRenderingEngine$2.run(PartRenderingEngine.java:722)
	at org.eclipse.core.runtime.SafeRunner.run(SafeRunner.java:42)
	at org.eclipse.e4.ui.internal.workbench.swt.PartRenderingEngine.createGui(PartRenderingEngine.java:706)
	at org.eclipse.e4.ui.workbench.renderers.swt.PerspectiveStackRenderer.showTab(PerspectiveStackRenderer.java:82)
	at org.eclipse.e4.ui.workbench.renderers.swt.LazyStackRenderer.postProcess(LazyStackRenderer.java:103)
	at org.eclipse.e4.ui.workbench.renderers.swt.PerspectiveStackRenderer.postProcess(PerspectiveStackRenderer.java:63)
	at org.eclipse.e4.ui.internal.workbench.swt.PartRenderingEngine.safeCreateGui(PartRenderingEngine.java:669)
	at org.eclipse.e4.ui.internal.workbench.swt.PartRenderingEngine.safeCreateGui(PartRenderingEngine.java:757)
	at org.eclipse.e4.ui.internal.workbench.swt.PartRenderingEngine.access$0(PartRenderingEngine.java:728)
	at org.eclipse.e4.ui.internal.workbench.swt.PartRenderingEngine$2.run(PartRenderingEngine.java:722)
	at org.eclipse.core.runtime.SafeRunner.run(SafeRunner.java:42)
	at org.eclipse.e4.ui.internal.workbench.swt.PartRenderingEngine.createGui(PartRenderingEngine.java:706)
	at org.eclipse.e4.ui.workbench.renderers.swt.SWTPartRenderer.processContents(SWTPartRenderer.java:70)
	at org.eclipse.e4.ui.workbench.renderers.swt.SashRenderer.processContents(SashRenderer.java:142)
	at org.eclipse.e4.ui.internal.workbench.swt.PartRenderingEngine.safeCreateGui(PartRenderingEngine.java:665)
	at org.eclipse.e4.ui.internal.workbench.swt.PartRenderingEngine.safeCreateGui(PartRenderingEngine.java:757)
	at org.eclipse.e4.ui.internal.workbench.swt.PartRenderingEngine.access$0(PartRenderingEngine.java:728)
	at org.eclipse.e4.ui.internal.workbench.swt.PartRenderingEngine$2.run(PartRenderingEngine.java:722)
	at org.eclipse.core.runtime.SafeRunner.run(SafeRunner.java:42)
	at org.eclipse.e4.ui.internal.workbench.swt.PartRenderingEngine.createGui(PartRenderingEngine.java:706)
	at org.eclipse.e4.ui.workbench.renderers.swt.SWTPartRenderer.processContents(SWTPartRenderer.java:70)
	at org.eclipse.e4.ui.workbench.renderers.swt.WBWRenderer.processContents(WBWRenderer.java:725)
	at org.eclipse.e4.ui.internal.workbench.swt.PartRenderingEngine.safeCreateGui(PartRenderingEngine.java:665)
	at org.eclipse.e4.ui.internal.workbench.swt.PartRenderingEngine.safeCreateGui(PartRenderingEngine.java:757)
	at org.eclipse.e4.ui.internal.workbench.swt.PartRenderingEngine.access$0(PartRenderingEngine.java:728)
	at org.eclipse.e4.ui.internal.workbench.swt.PartRenderingEngine$2.run(PartRenderingEngine.java:722)
	at org.eclipse.core.runtime.SafeRunner.run(SafeRunner.java:42)
	at org.eclipse.e4.ui.internal.workbench.swt.PartRenderingEngine.createGui(PartRenderingEngine.java:706)
	at org.eclipse.e4.ui.internal.workbench.swt.PartRenderingEngine$4.run(PartRenderingEngine.java:1059)
	at org.eclipse.core.databinding.observable.Realm.runWithDefault(Realm.java:336)
	at org.eclipse.e4.ui.internal.workbench.swt.PartRenderingEngine.run(PartRenderingEngine.java:1022)
	at org.eclipse.e4.ui.internal.workbench.E4Workbench.createAndRunUI(E4Workbench.java:150)
	at org.eclipse.ui.internal.Workbench$5.run(Workbench.java:687)
	at org.eclipse.core.databinding.observable.Realm.runWithDefault(Realm.java:336)
	at org.eclipse.ui.internal.Workbench.createAndRunWorkbench(Workbench.java:604)
	at org.eclipse.ui.PlatformUI.createAndRunWorkbench(PlatformUI.java:148)
	at org.eclipse.ui.internal.ide.application.IDEApplication.start(IDEApplication.java:138)
	at org.eclipse.equinox.internal.app.EclipseAppHandle.run(EclipseAppHandle.java:196)
	at org.eclipse.core.runtime.internal.adaptor.EclipseAppLauncher.runApplication(EclipseAppLauncher.java:134)
	at org.eclipse.core.runtime.internal.adaptor.EclipseAppLauncher.start(EclipseAppLauncher.java:104)
	at org.eclipse.core.runtime.adaptor.EclipseStarter.run(EclipseStarter.java:388)
	at org.eclipse.core.runtime.adaptor.EclipseStarter.run(EclipseStarter.java:243)
	at sun.reflect.NativeMethodAccessorImpl.invoke0(Native Method)
	at sun.reflect.NativeMethodAccessorImpl.invoke(NativeMethodAccessorImpl.java:62)
	at sun.reflect.DelegatingMethodAccessorImpl.invoke(DelegatingMethodAccessorImpl.java:43)
	at java.lang.reflect.Method.invoke(Method.java:498)
	at org.eclipse.equinox.launcher.Main.invokeFramework(Main.java:673)
	at org.eclipse.equinox.launcher.Main.basicRun(Main.java:610)
	at org.eclipse.equinox.launcher.Main.run(Main.java:1519)
	at org.eclipse.equinox.launcher.Main.main(Main.java:1492)
Caused by: com.cedarsoftware.util.io.JsonIoException: EOF reached prematurely
	at com.cedarsoftware.util.io.JsonParser.error(JsonParser.java:584)
	at com.cedarsoftware.util.io.JsonParser.readValue(JsonParser.java:278)
	at com.cedarsoftware.util.io.JsonReader.readObject(JsonReader.java:521)
	... 152 more
2017-05-06 02:12:29,465  WARN [Worker-3] - ScalaProject - Project scala_with_apache_spark_course has platform default sourceLevel.
2017-05-06 02:12:29,466  WARN [Worker-3] - ScalaProject - Project scala_with_apache_spark_course runs on platform default installation.
2017-05-06 02:12:29,946 ERROR [Worker-0] - System.err - log4j:WARN No appenders could be found for logger (org.eclipse.jgit.util.FS).
2017-05-06 02:12:29,946 ERROR [Worker-0] - System.err - log4j:WARN Please initialize the log4j system properly.
2017-05-06 02:12:30,164  WARN [Worker-2] - ScalaProject - Project scala_with_apache_spark_course has platform default sourceLevel.
2017-05-06 02:12:30,164  WARN [Worker-2] - ScalaProject - Project scala_with_apache_spark_course runs on platform default installation.
2017-05-06 02:12:48,139  WARN [main] - ScalaProject - Project scala_with_apache_spark_course has platform default sourceLevel.
2017-05-06 02:12:48,139  WARN [main] - ScalaProject - Project scala_with_apache_spark_course runs on platform default installation.
2017-05-06 02:13:03,727  WARN [Worker-2] - ScalaProject - Project scala_with_apache_spark_course has platform default sourceLevel.
2017-05-06 02:13:03,727  WARN [Worker-2] - ScalaProject - Project scala_with_apache_spark_course runs on platform default installation.
2017-05-06 02:13:04,342  WARN [org.scalaide.ui.internal.reconciliation.ScalaReconciler] - ScalaProject - Project scala_with_apache_spark_course has platform default sourceLevel.
2017-05-06 02:13:04,343  WARN [org.scalaide.ui.internal.reconciliation.ScalaReconciler] - ScalaProject - Project scala_with_apache_spark_course runs on platform default installation.
2017-05-06 02:15:12,065  WARN [ModalContext] - ScalaProject - Project ScalaSparkCourse has platform default sourceLevel.
2017-05-06 02:15:12,066  WARN [ModalContext] - ScalaProject - Project ScalaSparkCourse runs on platform default installation.
2017-05-06 02:15:12,350  WARN [Worker-0] - ScalaProject - Project ScalaSparkCourse has platform default sourceLevel.
2017-05-06 02:15:12,350  WARN [Worker-0] - ScalaProject - Project ScalaSparkCourse runs on platform default installation.
2017-05-06 02:16:48,939  WARN [Worker-5] - ScalaProject - Project ScalaSparkCourse has platform default sourceLevel.
2017-05-06 02:16:48,939  WARN [Worker-5] - ScalaProject - Project ScalaSparkCourse runs on platform default installation.
2017-05-06 02:17:29,353  WARN [Worker-4] - ScalaProject - Project ScalaSparkCourse has platform default sourceLevel.
2017-05-06 02:17:29,353  WARN [Worker-4] - ScalaProject - Project ScalaSparkCourse runs on platform default installation.
2017-05-06 02:17:29,704  WARN [Java indexing] - ScalaProject - Project ScalaSparkCourse has platform default sourceLevel.
2017-05-06 02:17:29,704  WARN [Java indexing] - ScalaProject - Project ScalaSparkCourse runs on platform default installation.
2017-05-06 02:23:27,859  WARN [main] - ScalaProject - Project ScalaSparkCourse has platform default sourceLevel.
2017-05-06 02:23:27,859  WARN [main] - ScalaProject - Project ScalaSparkCourse runs on platform default installation.
2017-05-06 02:25:03,356  WARN [Worker-9] - ScalaProject - Project ScalaSparkCourse has platform default sourceLevel.
2017-05-06 02:25:03,357  WARN [Worker-9] - ScalaProject - Project ScalaSparkCourse runs on platform default installation.
2017-05-06 02:25:03,525  WARN [Worker-7] - ScalaProject - Project ScalaSparkCourse has platform default sourceLevel.
2017-05-06 02:25:03,526  WARN [Worker-7] - ScalaProject - Project ScalaSparkCourse runs on platform default installation.
2017-05-06 02:25:04,180  WARN [org.scalaide.ui.internal.reconciliation.ScalaReconciler] - ScalaProject - Project ScalaSparkCourse has platform default sourceLevel.
2017-05-06 02:25:04,180  WARN [org.scalaide.ui.internal.reconciliation.ScalaReconciler] - ScalaProject - Project ScalaSparkCourse runs on platform default installation.
2017-05-06 02:32:32,509  WARN [Worker-15] - ScalaProject - Project ScalaSparkCourse has platform default sourceLevel.
2017-05-06 02:32:32,509  WARN [Worker-15] - ScalaProject - Project ScalaSparkCourse runs on platform default installation.
2017-05-06 02:32:32,665  WARN [Worker-8] - ScalaProject - Project ScalaSparkCourse has platform default sourceLevel.
2017-05-06 02:32:32,665  WARN [Worker-8] - ScalaProject - Project ScalaSparkCourse runs on platform default installation.
2017-05-06 02:32:33,369  WARN [org.scalaide.ui.internal.reconciliation.ScalaReconciler] - ScalaProject - Project ScalaSparkCourse has platform default sourceLevel.
2017-05-06 02:32:33,369  WARN [org.scalaide.ui.internal.reconciliation.ScalaReconciler] - ScalaProject - Project ScalaSparkCourse runs on platform default installation.
2017-05-06 02:35:42,515  WARN [Worker-15] - ScalaProject - Project ScalaSparkCourse has platform default sourceLevel.
2017-05-06 02:35:42,516  WARN [Worker-15] - ScalaProject - Project ScalaSparkCourse runs on platform default installation.
2017-05-06 02:37:38,435  WARN [Worker-15] - ScalaProject - Project ScalaSparkCourse has platform default sourceLevel.
2017-05-06 02:37:38,435  WARN [Worker-15] - ScalaProject - Project ScalaSparkCourse runs on platform default installation.
2017-05-06 02:37:38,437  WARN [Worker-15] - ScalaProject - Project ScalaSparkCourse has platform default sourceLevel.
2017-05-06 02:37:38,437  WARN [Worker-15] - ScalaProject - Project ScalaSparkCourse runs on platform default installation.
2017-05-06 02:37:38,966  WARN [org.scalaide.ui.internal.reconciliation.ScalaReconciler] - ScalaProject - Project ScalaSparkCourse has platform default sourceLevel.
2017-05-06 02:37:38,966  WARN [org.scalaide.ui.internal.reconciliation.ScalaReconciler] - ScalaProject - Project ScalaSparkCourse runs on platform default installation.
2017-05-06 03:04:48,858  WARN [ModalContext] - ScalaProject - Project LearningScala has platform default sourceLevel.
2017-05-06 03:04:48,858  WARN [ModalContext] - ScalaProject - Project LearningScala runs on platform default installation.
2017-05-06 03:04:49,170  WARN [Worker-23] - ScalaProject - Project LearningScala has platform default sourceLevel.
2017-05-06 03:04:49,170  WARN [Worker-23] - ScalaProject - Project LearningScala runs on platform default installation.
2017-05-06 03:05:27,363  WARN [Worker-15] - ScalaProject - Project LearningScala has platform default sourceLevel.
2017-05-06 03:05:27,363  WARN [Worker-15] - ScalaProject - Project LearningScala runs on platform default installation.
2017-05-06 03:05:30,003  WARN [org.eclipse.jface.text.reconciler.MonoReconciler] - ScalaProject - Project LearningScala has platform default sourceLevel.
2017-05-06 03:05:30,003  WARN [org.eclipse.jface.text.reconciler.MonoReconciler] - ScalaProject - Project LearningScala runs on platform default installation.
2017-05-06 03:05:36,935  WARN [Worker-15] - ScalaProject - Project LearningScala has platform default sourceLevel.
2017-05-06 03:05:36,936  WARN [Worker-15] - ScalaProject - Project LearningScala runs on platform default installation.
2017-05-06 03:05:38,205  WARN [Worker-24] - ScalaProject - Project LearningScala has platform default sourceLevel.
2017-05-06 03:05:38,206  WARN [Worker-24] - ScalaProject - Project LearningScala runs on platform default installation.
2017-05-06 03:14:21,232  WARN [Worker-23] - ScalaProject - Project LearningScala has platform default sourceLevel.
2017-05-06 03:14:21,232  WARN [Worker-23] - ScalaProject - Project LearningScala runs on platform default installation.
2017-05-06 03:14:22,293  WARN [Worker-23] - ScalaProject - Project LearningScala has platform default sourceLevel.
2017-05-06 03:14:22,294  WARN [Worker-23] - ScalaProject - Project LearningScala runs on platform default installation.
2017-05-06 03:36:03,935  WARN [Worker-35] - ScalaProject - Project LearningScala has platform default sourceLevel.
2017-05-06 03:36:03,936  WARN [Worker-35] - ScalaProject - Project LearningScala runs on platform default installation.
2017-05-06 03:36:04,997  WARN [Worker-35] - ScalaProject - Project LearningScala has platform default sourceLevel.
2017-05-06 03:36:04,997  WARN [Worker-35] - ScalaProject - Project LearningScala runs on platform default installation.
2017-05-06 03:37:54,034  WARN [Worker-37] - ScalaProject - Project LearningScala has platform default sourceLevel.
2017-05-06 03:37:54,034  WARN [Worker-37] - ScalaProject - Project LearningScala runs on platform default installation.
2017-05-06 03:37:55,094  WARN [Worker-38] - ScalaProject - Project LearningScala has platform default sourceLevel.
2017-05-06 03:37:55,094  WARN [Worker-38] - ScalaProject - Project LearningScala runs on platform default installation.
2017-05-06 03:38:11,976  WARN [Worker-33] - ScalaProject - Project LearningScala has platform default sourceLevel.
2017-05-06 03:38:11,976  WARN [Worker-33] - ScalaProject - Project LearningScala runs on platform default installation.
2017-05-06 03:38:12,985  WARN [Worker-38] - ScalaProject - Project LearningScala has platform default sourceLevel.
2017-05-06 03:38:12,985  WARN [Worker-38] - ScalaProject - Project LearningScala runs on platform default installation.
2017-05-06 03:39:56,581  WARN [Worker-39] - ScalaProject - Project LearningScala has platform default sourceLevel.
2017-05-06 03:39:56,581  WARN [Worker-39] - ScalaProject - Project LearningScala runs on platform default installation.
2017-05-06 03:39:57,642  WARN [Worker-39] - ScalaProject - Project LearningScala has platform default sourceLevel.
2017-05-06 03:39:57,642  WARN [Worker-39] - ScalaProject - Project LearningScala runs on platform default installation.
2017-05-06 03:40:06,465  WARN [Worker-38] - ScalaProject - Project LearningScala has platform default sourceLevel.
2017-05-06 03:40:06,465  WARN [Worker-38] - ScalaProject - Project LearningScala runs on platform default installation.
2017-05-06 03:40:07,524  WARN [Worker-41] - ScalaProject - Project LearningScala has platform default sourceLevel.
2017-05-06 03:40:07,524  WARN [Worker-41] - ScalaProject - Project LearningScala runs on platform default installation.
2017-05-06 03:40:12,669  WARN [Worker-38] - ScalaProject - Project LearningScala has platform default sourceLevel.
2017-05-06 03:40:12,669  WARN [Worker-38] - ScalaProject - Project LearningScala runs on platform default installation.
2017-05-06 03:40:13,730  WARN [Worker-41] - ScalaProject - Project LearningScala has platform default sourceLevel.
2017-05-06 03:40:13,730  WARN [Worker-41] - ScalaProject - Project LearningScala runs on platform default installation.
2017-05-06 03:40:28,390  WARN [Worker-39] - ScalaProject - Project LearningScala has platform default sourceLevel.
2017-05-06 03:40:28,390  WARN [Worker-39] - ScalaProject - Project LearningScala runs on platform default installation.
2017-05-06 03:40:29,399  WARN [Worker-41] - ScalaProject - Project LearningScala has platform default sourceLevel.
2017-05-06 03:40:29,399  WARN [Worker-41] - ScalaProject - Project LearningScala runs on platform default installation.
2017-05-06 03:43:33,107  WARN [Worker-41] - ScalaProject - Project LearningScala has platform default sourceLevel.
2017-05-06 03:43:33,107  WARN [Worker-41] - ScalaProject - Project LearningScala runs on platform default installation.
2017-05-06 04:24:57,216  WARN [Worker-50] - ScalaProject - Project LearningScala has platform default sourceLevel.
2017-05-06 04:24:57,216  WARN [Worker-50] - ScalaProject - Project LearningScala runs on platform default installation.
2017-05-06 04:24:58,273  WARN [Worker-50] - ScalaProject - Project LearningScala has platform default sourceLevel.
2017-05-06 04:24:58,274  WARN [Worker-50] - ScalaProject - Project LearningScala runs on platform default installation.
2017-05-06 04:41:29,322  WARN [Worker-54] - ScalaProject - Project LearningScala has platform default sourceLevel.
2017-05-06 04:41:29,322  WARN [Worker-54] - ScalaProject - Project LearningScala runs on platform default installation.
2017-05-06 04:41:30,385  WARN [Worker-56] - ScalaProject - Project LearningScala has platform default sourceLevel.
2017-05-06 04:41:30,385  WARN [Worker-56] - ScalaProject - Project LearningScala runs on platform default installation.
2017-05-06 04:41:44,213  WARN [Worker-54] - ScalaProject - Project LearningScala has platform default sourceLevel.
2017-05-06 04:41:44,213  WARN [Worker-54] - ScalaProject - Project LearningScala runs on platform default installation.
2017-05-06 04:41:45,272  WARN [Worker-54] - ScalaProject - Project LearningScala has platform default sourceLevel.
2017-05-06 04:41:45,272  WARN [Worker-54] - ScalaProject - Project LearningScala runs on platform default installation.
2017-05-06 04:44:26,822  WARN [Worker-50] - ScalaProject - Project LearningScala has platform default sourceLevel.
2017-05-06 04:44:26,822  WARN [Worker-50] - ScalaProject - Project LearningScala runs on platform default installation.
2017-05-06 04:44:27,878  WARN [Worker-50] - ScalaProject - Project LearningScala has platform default sourceLevel.
2017-05-06 04:44:27,879  WARN [Worker-50] - ScalaProject - Project LearningScala runs on platform default installation.
2017-05-06 04:45:01,559  WARN [Worker-54] - ScalaProject - Project LearningScala has platform default sourceLevel.
2017-05-06 04:45:01,559  WARN [Worker-54] - ScalaProject - Project LearningScala runs on platform default installation.
2017-05-06 04:45:02,618  WARN [Worker-54] - ScalaProject - Project LearningScala has platform default sourceLevel.
2017-05-06 04:45:02,618  WARN [Worker-54] - ScalaProject - Project LearningScala runs on platform default installation.
2017-05-06 04:45:06,024  WARN [Worker-57] - ScalaProject - Project LearningScala has platform default sourceLevel.
2017-05-06 04:45:06,024  WARN [Worker-57] - ScalaProject - Project LearningScala runs on platform default installation.
2017-05-06 04:45:26,347  WARN [Worker-50] - ScalaProject - Project LearningScala has platform default sourceLevel.
2017-05-06 04:45:26,347  WARN [Worker-50] - ScalaProject - Project LearningScala runs on platform default installation.
2017-05-06 04:45:26,497  WARN [Worker-57] - ScalaProject - Project LearningScala has platform default sourceLevel.
2017-05-06 04:45:26,497  WARN [Worker-57] - ScalaProject - Project LearningScala runs on platform default installation.
2017-05-06 04:45:51,551 ERROR [Text Viewer Hover Presenter] - IScalaPresentationCompiler$ - Ignoring InterruptException
2017-05-06 04:45:51,551 ERROR [Text Viewer Hover Presenter] - IScalaPresentationCompiler$ - Ignoring InterruptException
2017-05-06 04:45:51,551 ERROR [Text Viewer Hover Presenter] - IScalaPresentationCompiler$ - Ignoring InterruptException
2017-05-06 04:45:54,644  WARN [Worker-57] - ScalaProject - Project LearningScala has platform default sourceLevel.
2017-05-06 04:45:54,644  WARN [Worker-57] - ScalaProject - Project LearningScala runs on platform default installation.
2017-05-06 04:45:54,800  WARN [Worker-58] - ScalaProject - Project LearningScala has platform default sourceLevel.
2017-05-06 04:45:54,800  WARN [Worker-58] - ScalaProject - Project LearningScala runs on platform default installation.
2017-05-06 04:45:59,068  WARN [Worker-54] - ScalaProject - Project LearningScala has platform default sourceLevel.
2017-05-06 04:45:59,068  WARN [Worker-54] - ScalaProject - Project LearningScala runs on platform default installation.
2017-05-06 04:46:00,075  WARN [Worker-50] - ScalaProject - Project LearningScala has platform default sourceLevel.
2017-05-06 04:46:00,075  WARN [Worker-50] - ScalaProject - Project LearningScala runs on platform default installation.
2017-05-06 04:47:01,022  WARN [Worker-58] - ScalaProject - Project LearningScala has platform default sourceLevel.
2017-05-06 04:47:01,023  WARN [Worker-58] - ScalaProject - Project LearningScala runs on platform default installation.
2017-05-06 04:47:02,082  WARN [Worker-54] - ScalaProject - Project LearningScala has platform default sourceLevel.
2017-05-06 04:47:02,082  WARN [Worker-54] - ScalaProject - Project LearningScala runs on platform default installation.
2017-05-06 04:47:18,780  WARN [Worker-50] - ScalaProject - Project LearningScala has platform default sourceLevel.
2017-05-06 04:47:18,780  WARN [Worker-50] - ScalaProject - Project LearningScala runs on platform default installation.
2017-05-06 04:47:19,789  WARN [Worker-57] - ScalaProject - Project LearningScala has platform default sourceLevel.
2017-05-06 04:47:19,789  WARN [Worker-57] - ScalaProject - Project LearningScala runs on platform default installation.
2017-05-06 04:47:29,437  WARN [Worker-58] - ScalaProject - Project LearningScala has platform default sourceLevel.
2017-05-06 04:47:29,437  WARN [Worker-58] - ScalaProject - Project LearningScala runs on platform default installation.
2017-05-06 04:47:30,495  WARN [Worker-50] - ScalaProject - Project LearningScala has platform default sourceLevel.
2017-05-06 04:47:30,495  WARN [Worker-50] - ScalaProject - Project LearningScala runs on platform default installation.
2017-05-06 04:47:34,264  WARN [Worker-54] - ScalaProject - Project LearningScala has platform default sourceLevel.
2017-05-06 04:47:34,264  WARN [Worker-54] - ScalaProject - Project LearningScala runs on platform default installation.
2017-05-06 04:47:53,585  WARN [Worker-58] - ScalaProject - Project LearningScala has platform default sourceLevel.
2017-05-06 04:47:53,585  WARN [Worker-58] - ScalaProject - Project LearningScala runs on platform default installation.
2017-05-06 04:48:18,334  WARN [Worker-58] - ScalaProject - Project LearningScala has platform default sourceLevel.
2017-05-06 04:48:18,334  WARN [Worker-58] - ScalaProject - Project LearningScala runs on platform default installation.
2017-05-06 04:48:19,389  WARN [Worker-58] - ScalaProject - Project LearningScala has platform default sourceLevel.
2017-05-06 04:48:19,390  WARN [Worker-58] - ScalaProject - Project LearningScala runs on platform default installation.
2017-05-06 04:48:42,427  WARN [Worker-57] - ScalaProject - Project LearningScala has platform default sourceLevel.
2017-05-06 04:48:42,427  WARN [Worker-57] - ScalaProject - Project LearningScala runs on platform default installation.
2017-05-06 05:09:49,641 ERROR [Text Viewer Hover Presenter] - IScalaPresentationCompiler$ - Ignoring InterruptException
2017-05-06 05:09:49,641 ERROR [Text Viewer Hover Presenter] - IScalaPresentationCompiler$ - Ignoring InterruptException
2017-05-06 05:09:50,000  WARN [Worker-63] - ScalaProject - Project LearningScala has platform default sourceLevel.
2017-05-06 05:09:50,001  WARN [Worker-63] - ScalaProject - Project LearningScala runs on platform default installation.
2017-05-06 05:10:09,059  WARN [Worker-66] - ScalaProject - Project LearningScala has platform default sourceLevel.
2017-05-06 05:10:09,060  WARN [Worker-66] - ScalaProject - Project LearningScala runs on platform default installation.
2017-05-06 05:11:13,493  WARN [Worker-66] - ScalaProject - Project LearningScala has platform default sourceLevel.
2017-05-06 05:11:13,494  WARN [Worker-66] - ScalaProject - Project LearningScala runs on platform default installation.
2017-05-06 05:12:36,371  WARN [Worker-70] - ScalaProject - Project LearningScala has platform default sourceLevel.
2017-05-06 05:12:36,371  WARN [Worker-70] - ScalaProject - Project LearningScala runs on platform default installation.
2017-05-06 05:12:54,144  WARN [Worker-68] - ScalaProject - Project LearningScala has platform default sourceLevel.
2017-05-06 05:12:54,144  WARN [Worker-68] - ScalaProject - Project LearningScala runs on platform default installation.
2017-05-06 05:12:58,309 ERROR [Text Viewer Hover Presenter] - IScalaPresentationCompiler$ - Ignoring InterruptException
2017-05-06 05:12:58,309 ERROR [Text Viewer Hover Presenter] - IScalaPresentationCompiler$ - Ignoring InterruptException
2017-05-06 05:12:58,309 ERROR [Text Viewer Hover Presenter] - IScalaPresentationCompiler$ - Ignoring InterruptException
2017-05-06 05:12:58,758  WARN [Worker-63] - ScalaProject - Project LearningScala has platform default sourceLevel.
2017-05-06 05:12:58,758  WARN [Worker-63] - ScalaProject - Project LearningScala runs on platform default installation.
2017-05-06 05:12:59,814  WARN [Worker-71] - ScalaProject - Project LearningScala has platform default sourceLevel.
2017-05-06 05:12:59,814  WARN [Worker-71] - ScalaProject - Project LearningScala runs on platform default installation.
2017-05-06 05:13:05,661  WARN [Worker-70] - ScalaProject - Project LearningScala has platform default sourceLevel.
2017-05-06 05:13:05,661  WARN [Worker-70] - ScalaProject - Project LearningScala runs on platform default installation.
2017-05-06 05:13:20,742  WARN [Worker-63] - ScalaProject - Project LearningScala has platform default sourceLevel.
2017-05-06 05:13:20,742  WARN [Worker-63] - ScalaProject - Project LearningScala runs on platform default installation.
2017-05-06 05:13:21,800  WARN [Worker-72] - ScalaProject - Project LearningScala has platform default sourceLevel.
2017-05-06 05:13:21,800  WARN [Worker-72] - ScalaProject - Project LearningScala runs on platform default installation.
